<?xml version="1.0" encoding="UTF-8"?>
<coverage generated="1739938848809" clover="3.2.0">
  <project timestamp="1739938848809" name="All files">
    <metrics statements="168" coveredstatements="152" conditionals="64" coveredconditionals="53" methods="21" coveredmethods="21" elements="253" coveredelements="226" complexity="0" loc="168" ncloc="168" packages="2" files="4" classes="4"/>
    <package name="core">
      <metrics statements="25" coveredstatements="25" conditionals="4" coveredconditionals="3" methods="9" coveredmethods="9"/>
      <file name="engine.ts" path="/workspace/Scriptor/src/templating/core/engine.ts">
        <metrics statements="22" coveredstatements="22" conditionals="4" coveredconditionals="3" methods="7" coveredmethods="7"/>
        <line num="7" count="1" type="stmt"/>
        <line num="8" count="1" type="stmt"/>
        <line num="9" count="1" type="stmt"/>
        <line num="11" count="1" type="stmt"/>
        <line num="21" count="2" type="stmt"/>
        <line num="22" count="2" type="stmt"/>
        <line num="23" count="2" type="stmt"/>
        <line num="27" count="27" type="stmt"/>
        <line num="28" count="23" type="stmt"/>
        <line num="29" count="23" type="stmt"/>
        <line num="33" count="27" type="stmt"/>
        <line num="34" count="23" type="stmt"/>
        <line num="37" count="23" type="stmt"/>
        <line num="38" count="29" type="cond" truecount="3" falsecount="0"/>
        <line num="42" count="23" type="cond" truecount="0" falsecount="1"/>
        <line num="43" count="1032" type="stmt"/>
        <line num="47" count="23" type="stmt"/>
        <line num="62" count="23" type="stmt"/>
        <line num="72" count="1" type="stmt"/>
        <line num="74" count="2" type="stmt"/>
        <line num="75" count="101012" type="stmt"/>
        <line num="82" count="2" type="stmt"/>
      </file>
      <file name="safeString.ts" path="/workspace/Scriptor/src/templating/core/safeString.ts">
        <metrics statements="3" coveredstatements="3" conditionals="0" coveredconditionals="0" methods="2" coveredmethods="2"/>
        <line num="6" count="1" type="stmt"/>
        <line num="7" count="1049" type="stmt"/>
        <line num="9" count="41" type="stmt"/>
      </file>
    </package>
    <package name="features.placeholders">
      <metrics statements="143" coveredstatements="127" conditionals="60" coveredconditionals="50" methods="12" coveredmethods="12"/>
      <file name="compiler.ts" path="/workspace/Scriptor/src/templating/features/placeholders/compiler.ts">
        <metrics statements="63" coveredstatements="61" conditionals="29" coveredconditionals="28" methods="7" coveredmethods="7"/>
        <line num="11" count="1" type="stmt"/>
        <line num="24" count="1" type="stmt"/>
        <line num="27" count="41" type="stmt"/>
        <line num="29" count="41" type="stmt"/>
        <line num="30" count="41" type="stmt"/>
        <line num="33" count="41" type="stmt"/>
        <line num="34" count="200079" type="cond" truecount="3" falsecount="1"/>
        <line num="36" count="100043" type="stmt"/>
        <line num="37" count="100043" type="stmt"/>
        <line num="40" count="100025" type="stmt"/>
        <line num="41" count="100025" type="stmt"/>
        <line num="44" count="11" type="stmt"/>
        <line num="46" count="11" type="stmt"/>
        <line num="54" count="0" type="stmt"/>
        <line num="58" count="41" type="stmt"/>
        <line num="59" count="1052" type="stmt"/>
        <line num="62" count="1052" type="stmt"/>
        <line num="63" count="1066" type="cond" truecount="1" falsecount="0"/>
        <line num="64" count="1" type="stmt"/>
        <line num="68" count="1051" type="stmt"/>
        <line num="71" count="1051" type="stmt"/>
        <line num="72" count="201086" type="cond" truecount="2" falsecount="0"/>
        <line num="73" count="100042" type="stmt"/>
        <line num="74" count="101044" type="cond" truecount="2" falsecount="0"/>
        <line num="75" count="101022" type="stmt"/>
        <line num="76" count="101022" type="cond" truecount="3" falsecount="0"/>
        <line num="77" count="8" type="cond" truecount="1" falsecount="0"/>
        <line num="78" count="7" type="stmt"/>
        <line num="79" count="7" type="stmt"/>
        <line num="81" count="1" type="stmt"/>
        <line num="83" count="101014" type="stmt"/>
        <line num="84" count="22" type="cond" truecount="1" falsecount="0"/>
        <line num="85" count="22" type="stmt"/>
        <line num="86" count="22" type="cond" truecount="2" falsecount="0"/>
        <line num="87" count="11" type="stmt"/>
        <line num="88" count="11" type="cond" truecount="1" falsecount="0"/>
        <line num="89" count="9" type="stmt"/>
        <line num="94" count="1049" type="stmt"/>
        <line num="99" count="61" type="stmt"/>
        <line num="100" count="61" type="stmt"/>
        <line num="101" count="61" type="stmt"/>
        <line num="102" count="200121" type="cond" truecount="3" falsecount="0"/>
        <line num="104" count="100037" type="stmt"/>
        <line num="105" count="100037" type="stmt"/>
        <line num="106" count="100037" type="stmt"/>
        <line num="109" count="12" type="stmt"/>
        <line num="111" count="12" type="stmt"/>
        <line num="113" count="12" type="stmt"/>
        <line num="114" count="12" type="stmt"/>
        <line num="115" count="12" type="cond" truecount="1" falsecount="0"/>
        <line num="116" count="8" type="stmt"/>
        <line num="117" count="8" type="stmt"/>
        <line num="119" count="12" type="stmt"/>
        <line num="123" count="100072" type="stmt"/>
        <line num="126" count="61" type="stmt"/>
        <line num="127" count="61" type="stmt"/>
        <line num="132" count="101014" type="cond" truecount="3" falsecount="0"/>
        <line num="133" count="1" type="cond" truecount="1" falsecount="0"/>
        <line num="134" count="1" type="stmt"/>
        <line num="136" count="0" type="stmt"/>
        <line num="140" count="101013" type="cond" truecount="1" falsecount="0"/>
        <line num="141" count="1" type="stmt"/>
        <line num="145" count="101012" type="stmt"/>
      </file>
      <file name="parser.ts" path="/workspace/Scriptor/src/templating/features/placeholders/parser.ts">
        <metrics statements="80" coveredstatements="66" conditionals="31" coveredconditionals="22" methods="5" coveredmethods="5"/>
        <line num="8" count="1" type="stmt"/>
        <line num="10" count="2" type="stmt"/>
        <line num="13" count="2" type="stmt"/>
        <line num="14" count="2" type="stmt"/>
        <line num="17" count="50" type="stmt"/>
        <line num="18" count="50" type="stmt"/>
        <line num="19" count="50" type="stmt"/>
        <line num="21" count="50" type="stmt"/>
        <line num="24" count="50" type="stmt"/>
        <line num="26" count="50" type="stmt"/>
        <line num="27" count="200116" type="stmt"/>
        <line num="28" count="200116" type="stmt"/>
        <line num="31" count="200116" type="stmt"/>
        <line num="34" count="200116" type="cond" truecount="1" falsecount="0"/>
        <line num="35" count="200076" type="stmt"/>
        <line num="42" count="200116" type="cond" truecount="2" falsecount="0"/>
        <line num="44" count="24" type="stmt"/>
        <line num="45" count="24" type="stmt"/>
        <line num="50" count="24" type="stmt"/>
        <line num="51" count="24" type="stmt"/>
        <line num="55" count="24" type="stmt"/>
        <line num="56" count="200092" type="cond" truecount="2" falsecount="0"/>
        <line num="58" count="17" type="cond" truecount="1" falsecount="0"/>
        <line num="59" count="1" type="stmt"/>
        <line num="61" count="16" type="stmt"/>
        <line num="62" count="16" type="cond" truecount="2" falsecount="1"/>
        <line num="63" count="0" type="stmt"/>
        <line num="65" count="16" type="stmt"/>
        <line num="66" count="16" type="cond" truecount="1" falsecount="0"/>
        <line num="67" count="1" type="stmt"/>
        <line num="69" count="15" type="stmt"/>
        <line num="70" count="15" type="stmt"/>
        <line num="74" count="15" type="stmt"/>
        <line num="75" count="200075" type="cond" truecount="2" falsecount="0"/>
        <line num="77" count="23" type="cond" truecount="1" falsecount="0"/>
        <line num="78" count="1" type="stmt"/>
        <line num="80" count="22" type="stmt"/>
        <line num="81" count="22" type="cond" truecount="2" falsecount="1"/>
        <line num="82" count="0" type="stmt"/>
        <line num="84" count="22" type="stmt"/>
        <line num="85" count="200052" type="cond" truecount="1" falsecount="1"/>
        <line num="87" count="0" type="stmt"/>
        <line num="88" count="0" type="stmt"/>
        <line num="93" count="0" type="stmt"/>
        <line num="94" count="0" type="stmt"/>
        <line num="98" count="0" type="stmt"/>
        <line num="99" count="200052" type="cond" truecount="1" falsecount="1"/>
        <line num="101" count="0" type="cond" truecount="0" falsecount="1"/>
        <line num="102" count="0" type="stmt"/>
        <line num="104" count="0" type="stmt"/>
        <line num="105" count="0" type="cond" truecount="0" falsecount="3"/>
        <line num="106" count="0" type="stmt"/>
        <line num="108" count="0" type="stmt"/>
        <line num="111" count="200052" type="stmt"/>
        <line num="112" count="200052" type="stmt"/>
        <line num="113" count="200052" type="stmt"/>
        <line num="121" count="200113" type="stmt"/>
        <line num="122" count="200113" type="stmt"/>
        <line num="126" count="47" type="cond" truecount="1" falsecount="0"/>
        <line num="128" count="15" type="stmt"/>
        <line num="129" count="15" type="stmt"/>
        <line num="133" count="15" type="stmt"/>
        <line num="137" count="47" type="cond" truecount="1" falsecount="0"/>
        <line num="138" count="1" type="stmt"/>
        <line num="139" count="1" type="cond" truecount="1" falsecount="1"/>
        <line num="140" count="1" type="stmt"/>
        <line num="142" count="0" type="stmt"/>
        <line num="146" count="46" type="stmt"/>
        <line num="150" count="200052" type="stmt"/>
        <line num="151" count="200052" type="cond" truecount="1" falsecount="0"/>
        <line num="152" count="200044" type="stmt"/>
        <line num="155" count="8" type="stmt"/>
        <line num="156" count="8" type="stmt"/>
        <line num="157" count="8" type="stmt"/>
        <line num="161" count="400244" type="stmt"/>
        <line num="162" count="1801817" type="cond" truecount="2" falsecount="0"/>
        <line num="163" count="10" type="stmt"/>
        <line num="164" count="10" type="stmt"/>
        <line num="166" count="1801807" type="stmt"/>
        <line num="172" count="4" type="stmt"/>
      </file>
    </package>
  </project>
</coverage>
