{"/workspace/Scriptor/src/templating/core/engine.ts": {"path":"/workspace/Scriptor/src/templating/core/engine.ts","statementMap":{"0":{"start":{"line":72,"column":0},"end":{"line":72,"column":16}},"1":{"start":{"line":7,"column":0},"end":{"line":7,"column":40}},"2":{"start":{"line":8,"column":0},"end":{"line":8,"column":66}},"3":{"start":{"line":9,"column":0},"end":{"line":9,"column":59}},"4":{"start":{"line":21,"column":8},"end":{"line":21,"column":29}},"5":{"start":{"line":22,"column":8},"end":{"line":22,"column":33}},"6":{"start":{"line":23,"column":8},"end":{"line":23,"column":31}},"7":{"start":{"line":27,"column":22},"end":{"line":27,"column":49}},"8":{"start":{"line":28,"column":0},"end":{"line":28,"column":29}},"9":{"start":{"line":29,"column":8},"end":{"line":29,"column":44}},"10":{"start":{"line":33,"column":25},"end":{"line":33,"column":47}},"11":{"start":{"line":34,"column":22},"end":{"line":34,"column":49}},"12":{"start":{"line":37,"column":29},"end":{"line":39,"column":null}},"13":{"start":{"line":38,"column":12},"end":{"line":39,"column":44}},"14":{"start":{"line":42,"column":33},"end":{"line":44,"column":9}},"15":{"start":{"line":43,"column":12},"end":{"line":43,"column":48}},"16":{"start":{"line":47,"column":8},"end":{"line":60,"column":11}},"17":{"start":{"line":62,"column":8},"end":{"line":62,"column":32}},"18":{"start":{"line":11,"column":0},"end":{"line":11,"column":13}},"19":{"start":{"line":74,"column":26},"end":{"line":80,"column":35}},"20":{"start":{"line":75,"column":8},"end":{"line":80,"column":35}},"21":{"start":{"line":82,"column":4},"end":{"line":89,"column":6}}},"fnMap":{"0":{"name":"(anonymous_0)","decl":{"start":{"line":16,"column":4},"end":{"line":16,"column":null}},"loc":{"start":{"line":19,"column":32},"end":{"line":24,"column":5}}},"1":{"name":"(anonymous_1)","decl":{"start":{"line":26,"column":4},"end":{"line":26,"column":11}},"loc":{"start":{"line":26,"column":28},"end":{"line":30,"column":5}}},"2":{"name":"(anonymous_2)","decl":{"start":{"line":32,"column":4},"end":{"line":32,"column":18}},"loc":{"start":{"line":32,"column":35},"end":{"line":63,"column":5}}},"3":{"name":"(anonymous_3)","decl":{"start":{"line":37,"column":40},"end":{"line":37,"column":44}},"loc":{"start":{"line":38,"column":12},"end":{"line":39,"column":44}}},"4":{"name":"(anonymous_4)","decl":{"start":{"line":42,"column":33},"end":{"line":42,"column":34}},"loc":{"start":{"line":42,"column":68},"end":{"line":44,"column":9}}},"5":{"name":"createDefaultEngine","decl":{"start":{"line":72,"column":16},"end":{"line":72,"column":35}},"loc":{"start":{"line":72,"column":35},"end":{"line":90,"column":1}}},"6":{"name":"(anonymous_6)","decl":{"start":{"line":74,"column":26},"end":{"line":74,"column":27}},"loc":{"start":{"line":75,"column":8},"end":{"line":80,"column":35}}}},"branchMap":{"0":{"loc":{"start":{"line":38,"column":12},"end":{"line":39,"column":44}},"type":"binary-expr","locations":[{"start":{"line":38,"column":13},"end":{"line":38,"column":40}},{"start":{"line":38,"column":44},"end":{"line":38,"column":75}},{"start":{"line":39,"column":16},"end":{"line":39,"column":43}}]},"1":{"loc":{"start":{"line":42,"column":34},"end":{"line":42,"column":64}},"type":"default-arg","locations":[{"start":{"line":42,"column":62},"end":{"line":42,"column":64}}]}},"s":{"0":1,"1":1,"2":1,"3":1,"4":2,"5":2,"6":2,"7":27,"8":23,"9":23,"10":27,"11":23,"12":23,"13":29,"14":23,"15":1032,"16":23,"17":23,"18":1,"19":2,"20":101012,"21":2},"f":{"0":2,"1":27,"2":27,"3":29,"4":1032,"5":2,"6":101012},"b":{"0":[29,11,19],"1":[0]}}
,"/workspace/Scriptor/src/templating/core/safeString.ts": {"path":"/workspace/Scriptor/src/templating/core/safeString.ts","statementMap":{"0":{"start":{"line":7,"column":32},"end":{"line":7,"column":45}},"1":{"start":{"line":9,"column":8},"end":{"line":9,"column":26}},"2":{"start":{"line":6,"column":0},"end":{"line":6,"column":13}}},"fnMap":{"0":{"name":"(anonymous_0)","decl":{"start":{"line":7,"column":4},"end":{"line":7,"column":32}},"loc":{"start":{"line":7,"column":45},"end":{"line":7,"column":49}}},"1":{"name":"(anonymous_1)","decl":{"start":{"line":8,"column":4},"end":{"line":8,"column":12}},"loc":{"start":{"line":8,"column":12},"end":{"line":10,"column":5}}}},"branchMap":{},"s":{"0":1049,"1":41,"2":1},"f":{"0":1049,"1":41},"b":{}}
,"/workspace/Scriptor/src/templating/features/placeholders/compiler.ts": {"path":"/workspace/Scriptor/src/templating/features/placeholders/compiler.ts","statementMap":{"0":{"start":{"line":11,"column":0},"end":{"line":11,"column":51}},"1":{"start":{"line":27,"column":26},"end":{"line":27,"column":60}},"2":{"start":{"line":29,"column":26},"end":{"line":29,"column":64}},"3":{"start":{"line":30,"column":8},"end":{"line":30,"column":50}},"4":{"start":{"line":33,"column":32},"end":{"line":56,"column":10}},"5":{"start":{"line":34,"column":12},"end":{"line":55,"column":13}},"6":{"start":{"line":36,"column":30},"end":{"line":36,"column":49}},"7":{"start":{"line":37,"column":20},"end":{"line":37,"column":50}},"8":{"start":{"line":40,"column":30},"end":{"line":40,"column":53}},"9":{"start":{"line":41,"column":20},"end":{"line":41,"column":67}},"10":{"start":{"line":44,"column":30},"end":{"line":44,"column":53}},"11":{"start":{"line":46,"column":20},"end":{"line":51,"column":22}},"12":{"start":{"line":54,"column":20},"end":{"line":54,"column":80}},"13":{"start":{"line":58,"column":8},"end":{"line":95,"column":10}},"14":{"start":{"line":59,"column":12},"end":{"line":59,"column":55}},"15":{"start":{"line":62,"column":12},"end":{"line":66,"column":13}},"16":{"start":{"line":63,"column":16},"end":{"line":65,"column":17}},"17":{"start":{"line":64,"column":20},"end":{"line":64,"column":71}},"18":{"start":{"line":68,"column":25},"end":{"line":68,"column":27}},"19":{"start":{"line":71,"column":12},"end":{"line":92,"column":13}},"20":{"start":{"line":72,"column":16},"end":{"line":91,"column":17}},"21":{"start":{"line":73,"column":20},"end":{"line":73,"column":38}},"22":{"start":{"line":74,"column":23},"end":{"line":91,"column":17}},"23":{"start":{"line":75,"column":32},"end":{"line":75,"column":45}},"24":{"start":{"line":76,"column":20},"end":{"line":82,"column":21}},"25":{"start":{"line":77,"column":24},"end":{"line":80,"column":25}},"26":{"start":{"line":78,"column":28},"end":{"line":78,"column":46}},"27":{"start":{"line":79,"column":28},"end":{"line":79,"column":37}},"28":{"start":{"line":81,"column":24},"end":{"line":81,"column":77}},"29":{"start":{"line":83,"column":20},"end":{"line":83,"column":73}},"30":{"start":{"line":84,"column":23},"end":{"line":91,"column":17}},"31":{"start":{"line":85,"column":38},"end":{"line":85,"column":63}},"32":{"start":{"line":86,"column":20},"end":{"line":90,"column":21}},"33":{"start":{"line":87,"column":24},"end":{"line":87,"column":69}},"34":{"start":{"line":88,"column":27},"end":{"line":90,"column":21}},"35":{"start":{"line":89,"column":24},"end":{"line":89,"column":69}},"36":{"start":{"line":94,"column":12},"end":{"line":94,"column":50}},"37":{"start":{"line":99,"column":21},"end":{"line":99,"column":38}},"38":{"start":{"line":100,"column":8},"end":{"line":100,"column":74}},"39":{"start":{"line":101,"column":8},"end":{"line":125,"column":9}},"40":{"start":{"line":102,"column":12},"end":{"line":124,"column":13}},"41":{"start":{"line":104,"column":30},"end":{"line":104,"column":53}},"42":{"start":{"line":105,"column":20},"end":{"line":105,"column":36}},"43":{"start":{"line":106,"column":20},"end":{"line":106,"column":26}},"44":{"start":{"line":109,"column":37},"end":{"line":109,"column":60}},"45":{"start":{"line":111,"column":20},"end":{"line":111,"column":49}},"46":{"start":{"line":113,"column":43},"end":{"line":113,"column":91}},"47":{"start":{"line":114,"column":20},"end":{"line":114,"column":61}},"48":{"start":{"line":114,"column":48},"end":{"line":114,"column":59}},"49":{"start":{"line":115,"column":20},"end":{"line":118,"column":21}},"50":{"start":{"line":116,"column":48},"end":{"line":116,"column":97}},"51":{"start":{"line":117,"column":24},"end":{"line":117,"column":66}},"52":{"start":{"line":117,"column":53},"end":{"line":117,"column":64}},"53":{"start":{"line":119,"column":20},"end":{"line":119,"column":26}},"54":{"start":{"line":123,"column":20},"end":{"line":123,"column":26}},"55":{"start":{"line":126,"column":8},"end":{"line":126,"column":45}},"56":{"start":{"line":127,"column":8},"end":{"line":127,"column":20}},"57":{"start":{"line":132,"column":8},"end":{"line":137,"column":9}},"58":{"start":{"line":133,"column":12},"end":{"line":135,"column":13}},"59":{"start":{"line":134,"column":16},"end":{"line":134,"column":78}},"60":{"start":{"line":136,"column":12},"end":{"line":136,"column":60}},"61":{"start":{"line":140,"column":8},"end":{"line":142,"column":9}},"62":{"start":{"line":141,"column":12},"end":{"line":141,"column":36}},"63":{"start":{"line":145,"column":8},"end":{"line":145,"column":45}},"64":{"start":{"line":24,"column":0},"end":{"line":24,"column":13}}},"fnMap":{"0":{"name":"(anonymous_0)","decl":{"start":{"line":25,"column":11},"end":{"line":25,"column":18}},"loc":{"start":{"line":25,"column":85},"end":{"line":96,"column":5}}},"1":{"name":"(anonymous_1)","decl":{"start":{"line":33,"column":42},"end":{"line":33,"column":46}},"loc":{"start":{"line":33,"column":49},"end":{"line":56,"column":9}}},"2":{"name":"(anonymous_2)","decl":{"start":{"line":58,"column":15},"end":{"line":58,"column":16}},"loc":{"start":{"line":58,"column":71},"end":{"line":95,"column":9}}},"3":{"name":"(anonymous_3)","decl":{"start":{"line":98,"column":12},"end":{"line":98,"column":34}},"loc":{"start":{"line":98,"column":56},"end":{"line":128,"column":5}}},"4":{"name":"(anonymous_4)","decl":{"start":{"line":114,"column":43},"end":{"line":114,"column":44}},"loc":{"start":{"line":114,"column":48},"end":{"line":114,"column":59}}},"5":{"name":"(anonymous_5)","decl":{"start":{"line":117,"column":48},"end":{"line":117,"column":49}},"loc":{"start":{"line":117,"column":53},"end":{"line":117,"column":64}}},"6":{"name":"(anonymous_6)","decl":{"start":{"line":130,"column":12},"end":{"line":130,"column":24}},"loc":{"start":{"line":130,"column":78},"end":{"line":146,"column":5}}}},"branchMap":{"0":{"loc":{"start":{"line":25,"column":42},"end":{"line":25,"column":85}},"type":"default-arg","locations":[{"start":{"line":25,"column":68},"end":{"line":25,"column":85}}]},"1":{"loc":{"start":{"line":34,"column":12},"end":{"line":55,"column":13}},"type":"switch","locations":[{"start":{"line":35,"column":16},"end":{"line":38,"column":17}},{"start":{"line":39,"column":16},"end":{"line":42,"column":17}},{"start":{"line":43,"column":16},"end":{"line":52,"column":17}},{"start":{"line":53,"column":16},"end":{"line":54,"column":80}}]},"2":{"loc":{"start":{"line":50,"column":28},"end":{"line":50,"column":89}},"type":"cond-expr","locations":[{"start":{"line":50,"column":44},"end":{"line":50,"column":82}},{"start":{"line":50,"column":85},"end":{"line":50,"column":89}}]},"3":{"loc":{"start":{"line":63,"column":16},"end":{"line":65,"column":17}},"type":"if","locations":[{"start":{"line":63,"column":16},"end":{"line":65,"column":17}}]},"4":{"loc":{"start":{"line":72,"column":16},"end":{"line":91,"column":17}},"type":"if","locations":[{"start":{"line":72,"column":16},"end":{"line":91,"column":17}},{"start":{"line":74,"column":23},"end":{"line":91,"column":17}}]},"5":{"loc":{"start":{"line":74,"column":23},"end":{"line":91,"column":17}},"type":"if","locations":[{"start":{"line":74,"column":23},"end":{"line":91,"column":17}},{"start":{"line":84,"column":23},"end":{"line":91,"column":17}}]},"6":{"loc":{"start":{"line":76,"column":20},"end":{"line":82,"column":21}},"type":"if","locations":[{"start":{"line":76,"column":20},"end":{"line":82,"column":21}}]},"7":{"loc":{"start":{"line":76,"column":24},"end":{"line":76,"column":61}},"type":"binary-expr","locations":[{"start":{"line":76,"column":24},"end":{"line":76,"column":43}},{"start":{"line":76,"column":47},"end":{"line":76,"column":61}}]},"8":{"loc":{"start":{"line":77,"column":24},"end":{"line":80,"column":25}},"type":"if","locations":[{"start":{"line":77,"column":24},"end":{"line":80,"column":25}}]},"9":{"loc":{"start":{"line":84,"column":23},"end":{"line":91,"column":17}},"type":"if","locations":[{"start":{"line":84,"column":23},"end":{"line":91,"column":17}}]},"10":{"loc":{"start":{"line":86,"column":20},"end":{"line":90,"column":21}},"type":"if","locations":[{"start":{"line":86,"column":20},"end":{"line":90,"column":21}},{"start":{"line":88,"column":27},"end":{"line":90,"column":21}}]},"11":{"loc":{"start":{"line":88,"column":27},"end":{"line":90,"column":21}},"type":"if","locations":[{"start":{"line":88,"column":27},"end":{"line":90,"column":21}}]},"12":{"loc":{"start":{"line":102,"column":12},"end":{"line":124,"column":13}},"type":"switch","locations":[{"start":{"line":103,"column":16},"end":{"line":107,"column":17}},{"start":{"line":108,"column":16},"end":{"line":120,"column":17}},{"start":{"line":121,"column":16},"end":{"line":123,"column":26}}]},"13":{"loc":{"start":{"line":115,"column":20},"end":{"line":118,"column":21}},"type":"if","locations":[{"start":{"line":115,"column":20},"end":{"line":118,"column":21}}]},"14":{"loc":{"start":{"line":132,"column":8},"end":{"line":137,"column":9}},"type":"if","locations":[{"start":{"line":132,"column":8},"end":{"line":137,"column":9}}]},"15":{"loc":{"start":{"line":132,"column":12},"end":{"line":132,"column":78}},"type":"binary-expr","locations":[{"start":{"line":132,"column":12},"end":{"line":132,"column":39}},{"start":{"line":132,"column":44},"end":{"line":132,"column":78}}]},"16":{"loc":{"start":{"line":133,"column":12},"end":{"line":135,"column":13}},"type":"if","locations":[{"start":{"line":133,"column":12},"end":{"line":135,"column":13}}]},"17":{"loc":{"start":{"line":140,"column":8},"end":{"line":142,"column":9}},"type":"if","locations":[{"start":{"line":140,"column":8},"end":{"line":142,"column":9}}]}},"s":{"0":1,"1":41,"2":41,"3":41,"4":41,"5":200079,"6":100043,"7":100043,"8":100025,"9":100025,"10":11,"11":11,"12":0,"13":41,"14":1052,"15":1052,"16":1066,"17":1,"18":1051,"19":1051,"20":201086,"21":100042,"22":101044,"23":101022,"24":101022,"25":8,"26":7,"27":7,"28":1,"29":101014,"30":22,"31":22,"32":22,"33":11,"34":11,"35":9,"36":1049,"37":61,"38":61,"39":61,"40":200121,"41":100037,"42":100037,"43":100037,"44":12,"45":12,"46":12,"47":12,"48":11,"49":12,"50":8,"51":8,"52":2,"53":12,"54":100072,"55":61,"56":61,"57":101014,"58":1,"59":1,"60":0,"61":101013,"62":1,"63":101012,"64":1},"f":{"0":41,"1":200079,"2":1052,"3":61,"4":11,"5":2,"6":101014},"b":{"0":[23],"1":[100043,100025,11,0],"2":[7,4],"3":[1],"4":[100042,101044],"5":[101022,22],"6":[8],"7":[101022,101014],"8":[7],"9":[22],"10":[11,11],"11":[9],"12":[100037,12,100072],"13":[8],"14":[1],"15":[101014,1],"16":[1],"17":[1]}}
,"/workspace/Scriptor/src/templating/features/placeholders/parser.ts": {"path":"/workspace/Scriptor/src/templating/features/placeholders/parser.ts","statementMap":{"0":{"start":{"line":10,"column":19},"end":{"line":10,"column":107}},"1":{"start":{"line":13,"column":10},"end":{"line":13,"column":19}},"2":{"start":{"line":14,"column":10},"end":{"line":14,"column":18}},"3":{"start":{"line":17,"column":34},"end":{"line":17,"column":36}},"4":{"start":{"line":18,"column":39},"end":{"line":18,"column":44}},"5":{"start":{"line":19,"column":38},"end":{"line":19,"column":40}},"6":{"start":{"line":21,"column":20},"end":{"line":21,"column":21}},"7":{"start":{"line":24,"column":4},"end":{"line":24,"column":32}},"8":{"start":{"line":26,"column":4},"end":{"line":123,"column":5}},"9":{"start":{"line":27,"column":23},"end":{"line":27,"column":34}},"10":{"start":{"line":28,"column":21},"end":{"line":28,"column":44}},"11":{"start":{"line":31,"column":6},"end":{"line":31,"column":63}},"12":{"start":{"line":34,"column":6},"end":{"line":39,"column":7}},"13":{"start":{"line":35,"column":8},"end":{"line":38,"column":11}},"14":{"start":{"line":42,"column":6},"end":{"line":118,"column":7}},"15":{"start":{"line":44,"column":21},"end":{"line":44,"column":36}},"16":{"start":{"line":45,"column":49},"end":{"line":49,"column":10}},"17":{"start":{"line":50,"column":8},"end":{"line":50,"column":43}},"18":{"start":{"line":51,"column":8},"end":{"line":54,"column":11}},"19":{"start":{"line":55,"column":8},"end":{"line":55,"column":50}},"20":{"start":{"line":56,"column":13},"end":{"line":118,"column":7}},"21":{"start":{"line":58,"column":8},"end":{"line":60,"column":9}},"22":{"start":{"line":59,"column":10},"end":{"line":59,"column":47}},"23":{"start":{"line":61,"column":20},"end":{"line":61,"column":31}},"24":{"start":{"line":62,"column":8},"end":{"line":64,"column":9}},"25":{"start":{"line":63,"column":10},"end":{"line":63,"column":47}},"26":{"start":{"line":65,"column":32},"end":{"line":65,"column":59}},"27":{"start":{"line":66,"column":8},"end":{"line":68,"column":9}},"28":{"start":{"line":67,"column":10},"end":{"line":67,"column":52}},"29":{"start":{"line":69,"column":8},"end":{"line":69,"column":41}},"30":{"start":{"line":70,"column":8},"end":{"line":73,"column":11}},"31":{"start":{"line":74,"column":8},"end":{"line":74,"column":51}},"32":{"start":{"line":75,"column":13},"end":{"line":118,"column":7}},"33":{"start":{"line":77,"column":8},"end":{"line":79,"column":9}},"34":{"start":{"line":78,"column":10},"end":{"line":78,"column":48}},"35":{"start":{"line":80,"column":20},"end":{"line":80,"column":31}},"36":{"start":{"line":81,"column":8},"end":{"line":83,"column":9}},"37":{"start":{"line":82,"column":10},"end":{"line":82,"column":48}},"38":{"start":{"line":84,"column":8},"end":{"line":84,"column":39}},"39":{"start":{"line":85,"column":13},"end":{"line":118,"column":7}},"40":{"start":{"line":87,"column":27},"end":{"line":87,"column":42}},"41":{"start":{"line":88,"column":45},"end":{"line":92,"column":10}},"42":{"start":{"line":93,"column":8},"end":{"line":93,"column":41}},"43":{"start":{"line":94,"column":8},"end":{"line":97,"column":11}},"44":{"start":{"line":98,"column":8},"end":{"line":98,"column":46}},"45":{"start":{"line":99,"column":13},"end":{"line":118,"column":7}},"46":{"start":{"line":101,"column":8},"end":{"line":103,"column":9}},"47":{"start":{"line":102,"column":10},"end":{"line":102,"column":50}},"48":{"start":{"line":104,"column":20},"end":{"line":104,"column":31}},"49":{"start":{"line":105,"column":8},"end":{"line":107,"column":9}},"50":{"start":{"line":106,"column":10},"end":{"line":106,"column":65}},"51":{"start":{"line":108,"column":8},"end":{"line":108,"column":39}},"52":{"start":{"line":111,"column":24},"end":{"line":111,"column":32}},"53":{"start":{"line":112,"column":36},"end":{"line":112,"column":73}},"54":{"start":{"line":113,"column":8},"end":{"line":117,"column":11}},"55":{"start":{"line":121,"column":6},"end":{"line":121,"column":60}},"56":{"start":{"line":122,"column":6},"end":{"line":122,"column":25}},"57":{"start":{"line":126,"column":4},"end":{"line":134,"column":5}},"58":{"start":{"line":128,"column":24},"end":{"line":128,"column":49}},"59":{"start":{"line":129,"column":6},"end":{"line":132,"column":9}},"60":{"start":{"line":133,"column":6},"end":{"line":133,"column":37}},"61":{"start":{"line":137,"column":4},"end":{"line":144,"column":5}},"62":{"start":{"line":138,"column":18},"end":{"line":138,"column":46}},"63":{"start":{"line":139,"column":6},"end":{"line":143,"column":7}},"64":{"start":{"line":140,"column":8},"end":{"line":140,"column":59}},"65":{"start":{"line":142,"column":8},"end":{"line":142,"column":60}},"66":{"start":{"line":146,"column":4},"end":{"line":146,"column":17}},"67":{"start":{"line":150,"column":24},"end":{"line":150,"column":44}},"68":{"start":{"line":151,"column":4},"end":{"line":153,"column":5}},"69":{"start":{"line":152,"column":6},"end":{"line":152,"column":23}},"70":{"start":{"line":155,"column":16},"end":{"line":155,"column":52}},"71":{"start":{"line":156,"column":25},"end":{"line":156,"column":62}},"72":{"start":{"line":157,"column":4},"end":{"line":157,"column":31}},"73":{"start":{"line":161,"column":4},"end":{"line":168,"column":5}},"74":{"start":{"line":162,"column":6},"end":{"line":167,"column":7}},"75":{"start":{"line":163,"column":8},"end":{"line":163,"column":20}},"76":{"start":{"line":164,"column":8},"end":{"line":164,"column":21}},"77":{"start":{"line":166,"column":8},"end":{"line":166,"column":19}},"78":{"start":{"line":172,"column":4},"end":{"line":172,"column":73}},"79":{"start":{"line":8,"column":0},"end":{"line":8,"column":13}}},"fnMap":{"0":{"name":"(anonymous_0)","decl":{"start":{"line":8,"column":0},"end":{"line":8,"column":13}},"loc":{"start":{"line":8,"column":0},"end":{"line":174,"column":1}}},"1":{"name":"(anonymous_1)","decl":{"start":{"line":16,"column":2},"end":{"line":16,"column":7}},"loc":{"start":{"line":16,"column":24},"end":{"line":147,"column":3}}},"2":{"name":"(anonymous_2)","decl":{"start":{"line":149,"column":10},"end":{"line":149,"column":33}},"loc":{"start":{"line":149,"column":49},"end":{"line":158,"column":3}}},"3":{"name":"(anonymous_3)","decl":{"start":{"line":160,"column":10},"end":{"line":160,"column":24}},"loc":{"start":{"line":160,"column":41},"end":{"line":169,"column":3}}},"4":{"name":"(anonymous_4)","decl":{"start":{"line":171,"column":10},"end":{"line":171,"column":20}},"loc":{"start":{"line":171,"column":36},"end":{"line":173,"column":3}}}},"branchMap":{"0":{"loc":{"start":{"line":34,"column":6},"end":{"line":39,"column":7}},"type":"if","locations":[{"start":{"line":34,"column":6},"end":{"line":39,"column":7}}]},"1":{"loc":{"start":{"line":42,"column":6},"end":{"line":118,"column":7}},"type":"if","locations":[{"start":{"line":42,"column":6},"end":{"line":118,"column":7}},{"start":{"line":56,"column":13},"end":{"line":118,"column":7}}]},"2":{"loc":{"start":{"line":56,"column":13},"end":{"line":118,"column":7}},"type":"if","locations":[{"start":{"line":56,"column":13},"end":{"line":118,"column":7}},{"start":{"line":75,"column":13},"end":{"line":118,"column":7}}]},"3":{"loc":{"start":{"line":58,"column":8},"end":{"line":60,"column":9}},"type":"if","locations":[{"start":{"line":58,"column":8},"end":{"line":60,"column":9}}]},"4":{"loc":{"start":{"line":62,"column":8},"end":{"line":64,"column":9}},"type":"if","locations":[{"start":{"line":62,"column":8},"end":{"line":64,"column":9}}]},"5":{"loc":{"start":{"line":62,"column":12},"end":{"line":62,"column":51}},"type":"binary-expr","locations":[{"start":{"line":62,"column":12},"end":{"line":62,"column":16}},{"start":{"line":62,"column":20},"end":{"line":62,"column":51}}]},"6":{"loc":{"start":{"line":66,"column":8},"end":{"line":68,"column":9}},"type":"if","locations":[{"start":{"line":66,"column":8},"end":{"line":68,"column":9}}]},"7":{"loc":{"start":{"line":75,"column":13},"end":{"line":118,"column":7}},"type":"if","locations":[{"start":{"line":75,"column":13},"end":{"line":118,"column":7}},{"start":{"line":85,"column":13},"end":{"line":118,"column":7}}]},"8":{"loc":{"start":{"line":77,"column":8},"end":{"line":79,"column":9}},"type":"if","locations":[{"start":{"line":77,"column":8},"end":{"line":79,"column":9}}]},"9":{"loc":{"start":{"line":81,"column":8},"end":{"line":83,"column":9}},"type":"if","locations":[{"start":{"line":81,"column":8},"end":{"line":83,"column":9}}]},"10":{"loc":{"start":{"line":81,"column":12},"end":{"line":81,"column":51}},"type":"binary-expr","locations":[{"start":{"line":81,"column":12},"end":{"line":81,"column":16}},{"start":{"line":81,"column":20},"end":{"line":81,"column":51}}]},"11":{"loc":{"start":{"line":85,"column":13},"end":{"line":118,"column":7}},"type":"if","locations":[{"start":{"line":85,"column":13},"end":{"line":118,"column":7}},{"start":{"line":99,"column":13},"end":{"line":118,"column":7}}]},"12":{"loc":{"start":{"line":99,"column":13},"end":{"line":118,"column":7}},"type":"if","locations":[{"start":{"line":99,"column":13},"end":{"line":118,"column":7}},{"start":{"line":109,"column":13},"end":{"line":118,"column":7}}]},"13":{"loc":{"start":{"line":101,"column":8},"end":{"line":103,"column":9}},"type":"if","locations":[{"start":{"line":101,"column":8},"end":{"line":103,"column":9}}]},"14":{"loc":{"start":{"line":105,"column":8},"end":{"line":107,"column":9}},"type":"if","locations":[{"start":{"line":105,"column":8},"end":{"line":107,"column":9}}]},"15":{"loc":{"start":{"line":105,"column":12},"end":{"line":105,"column":49}},"type":"binary-expr","locations":[{"start":{"line":105,"column":12},"end":{"line":105,"column":16}},{"start":{"line":105,"column":20},"end":{"line":105,"column":49}}]},"16":{"loc":{"start":{"line":126,"column":4},"end":{"line":134,"column":5}},"type":"if","locations":[{"start":{"line":126,"column":4},"end":{"line":134,"column":5}}]},"17":{"loc":{"start":{"line":137,"column":4},"end":{"line":144,"column":5}},"type":"if","locations":[{"start":{"line":137,"column":4},"end":{"line":144,"column":5}}]},"18":{"loc":{"start":{"line":139,"column":6},"end":{"line":143,"column":7}},"type":"if","locations":[{"start":{"line":139,"column":6},"end":{"line":143,"column":7}},{"start":{"line":141,"column":13},"end":{"line":143,"column":7}}]},"19":{"loc":{"start":{"line":151,"column":4},"end":{"line":153,"column":5}},"type":"if","locations":[{"start":{"line":151,"column":4},"end":{"line":153,"column":5}}]},"20":{"loc":{"start":{"line":162,"column":6},"end":{"line":167,"column":7}},"type":"if","locations":[{"start":{"line":162,"column":6},"end":{"line":167,"column":7}},{"start":{"line":165,"column":13},"end":{"line":167,"column":7}}]}},"s":{"0":2,"1":2,"2":2,"3":50,"4":50,"5":50,"6":50,"7":50,"8":50,"9":200116,"10":200116,"11":200116,"12":200116,"13":200076,"14":200116,"15":24,"16":24,"17":24,"18":24,"19":24,"20":200092,"21":17,"22":1,"23":16,"24":16,"25":0,"26":16,"27":16,"28":1,"29":15,"30":15,"31":15,"32":200075,"33":23,"34":1,"35":22,"36":22,"37":0,"38":22,"39":200052,"40":0,"41":0,"42":0,"43":0,"44":0,"45":200052,"46":0,"47":0,"48":0,"49":0,"50":0,"51":0,"52":200052,"53":200052,"54":200052,"55":200113,"56":200113,"57":47,"58":15,"59":15,"60":15,"61":47,"62":1,"63":1,"64":1,"65":0,"66":46,"67":200052,"68":200052,"69":200044,"70":8,"71":8,"72":8,"73":400244,"74":1801817,"75":10,"76":10,"77":1801807,"78":4,"79":1},"f":{"0":2,"1":50,"2":200052,"3":400244,"4":4},"b":{"0":[200076],"1":[24,200092],"2":[17,200075],"3":[1],"4":[0],"5":[16,16],"6":[1],"7":[23,200052],"8":[1],"9":[0],"10":[22,22],"11":[0,200052],"12":[0,200052],"13":[0],"14":[0],"15":[0,0],"16":[15],"17":[1],"18":[1,0],"19":[200044],"20":[10,1801807]}}
}
