TN:
SF:src/templating/core/engine.ts
FN:16,(anonymous_0)
FN:26,(anonymous_1)
FN:32,(anonymous_2)
FN:37,(anonymous_3)
FN:42,(anonymous_4)
FN:72,createDefaultEngine
FN:74,(anonymous_6)
FNF:7
FNH:7
FNDA:2,(anonymous_0)
FNDA:27,(anonymous_1)
FNDA:27,(anonymous_2)
FNDA:29,(anonymous_3)
FNDA:1032,(anonymous_4)
FNDA:2,createDefaultEngine
FNDA:101012,(anonymous_6)
DA:7,1
DA:8,1
DA:9,1
DA:11,1
DA:21,2
DA:22,2
DA:23,2
DA:27,27
DA:28,23
DA:29,23
DA:33,27
DA:34,23
DA:37,23
DA:38,29
DA:42,23
DA:43,1032
DA:47,23
DA:62,23
DA:72,1
DA:74,2
DA:75,101012
DA:82,2
LF:22
LH:22
BRDA:38,0,0,29
BRDA:38,0,1,11
BRDA:38,0,2,19
BRDA:42,1,0,0
BRF:4
BRH:3
end_of_record
TN:
SF:src/templating/core/safeString.ts
FN:7,(anonymous_0)
FN:8,(anonymous_1)
FNF:2
FNH:2
FNDA:1049,(anonymous_0)
FNDA:41,(anonymous_1)
DA:6,1
DA:7,1049
DA:9,41
LF:3
LH:3
BRF:0
BRH:0
end_of_record
TN:
SF:src/templating/features/placeholders/compiler.ts
FN:25,(anonymous_0)
FN:33,(anonymous_1)
FN:58,(anonymous_2)
FN:98,(anonymous_3)
FN:114,(anonymous_4)
FN:117,(anonymous_5)
FN:130,(anonymous_6)
FNF:7
FNH:7
FNDA:41,(anonymous_0)
FNDA:200079,(anonymous_1)
FNDA:1052,(anonymous_2)
FNDA:61,(anonymous_3)
FNDA:11,(anonymous_4)
FNDA:2,(anonymous_5)
FNDA:101014,(anonymous_6)
DA:11,1
DA:24,1
DA:27,41
DA:29,41
DA:30,41
DA:33,41
DA:34,200079
DA:36,100043
DA:37,100043
DA:40,100025
DA:41,100025
DA:44,11
DA:46,11
DA:54,0
DA:58,41
DA:59,1052
DA:62,1052
DA:63,1066
DA:64,1
DA:68,1051
DA:71,1051
DA:72,201086
DA:73,100042
DA:74,101044
DA:75,101022
DA:76,101022
DA:77,8
DA:78,7
DA:79,7
DA:81,1
DA:83,101014
DA:84,22
DA:85,22
DA:86,22
DA:87,11
DA:88,11
DA:89,9
DA:94,1049
DA:99,61
DA:100,61
DA:101,61
DA:102,200121
DA:104,100037
DA:105,100037
DA:106,100037
DA:109,12
DA:111,12
DA:113,12
DA:114,12
DA:115,12
DA:116,8
DA:117,8
DA:119,12
DA:123,100072
DA:126,61
DA:127,61
DA:132,101014
DA:133,1
DA:134,1
DA:136,0
DA:140,101013
DA:141,1
DA:145,101012
LF:63
LH:61
BRDA:25,0,0,23
BRDA:34,1,0,100043
BRDA:34,1,1,100025
BRDA:34,1,2,11
BRDA:34,1,3,0
BRDA:50,2,0,7
BRDA:50,2,1,4
BRDA:63,3,0,1
BRDA:72,4,0,100042
BRDA:72,4,1,101044
BRDA:74,5,0,101022
BRDA:74,5,1,22
BRDA:76,6,0,8
BRDA:76,7,0,101022
BRDA:76,7,1,101014
BRDA:77,8,0,7
BRDA:84,9,0,22
BRDA:86,10,0,11
BRDA:86,10,1,11
BRDA:88,11,0,9
BRDA:102,12,0,100037
BRDA:102,12,1,12
BRDA:102,12,2,100072
BRDA:115,13,0,8
BRDA:132,14,0,1
BRDA:132,15,0,101014
BRDA:132,15,1,1
BRDA:133,16,0,1
BRDA:140,17,0,1
BRF:29
BRH:28
end_of_record
TN:
SF:src/templating/features/placeholders/parser.ts
FN:8,(anonymous_0)
FN:16,(anonymous_1)
FN:149,(anonymous_2)
FN:160,(anonymous_3)
FN:171,(anonymous_4)
FNF:5
FNH:5
FNDA:2,(anonymous_0)
FNDA:50,(anonymous_1)
FNDA:200052,(anonymous_2)
FNDA:400244,(anonymous_3)
FNDA:4,(anonymous_4)
DA:8,1
DA:10,2
DA:13,2
DA:14,2
DA:17,50
DA:18,50
DA:19,50
DA:21,50
DA:24,50
DA:26,50
DA:27,200116
DA:28,200116
DA:31,200116
DA:34,200116
DA:35,200076
DA:42,200116
DA:44,24
DA:45,24
DA:50,24
DA:51,24
DA:55,24
DA:56,200092
DA:58,17
DA:59,1
DA:61,16
DA:62,16
DA:63,0
DA:65,16
DA:66,16
DA:67,1
DA:69,15
DA:70,15
DA:74,15
DA:75,200075
DA:77,23
DA:78,1
DA:80,22
DA:81,22
DA:82,0
DA:84,22
DA:85,200052
DA:87,0
DA:88,0
DA:93,0
DA:94,0
DA:98,0
DA:99,200052
DA:101,0
DA:102,0
DA:104,0
DA:105,0
DA:106,0
DA:108,0
DA:111,200052
DA:112,200052
DA:113,200052
DA:121,200113
DA:122,200113
DA:126,47
DA:128,15
DA:129,15
DA:133,15
DA:137,47
DA:138,1
DA:139,1
DA:140,1
DA:142,0
DA:146,46
DA:150,200052
DA:151,200052
DA:152,200044
DA:155,8
DA:156,8
DA:157,8
DA:161,400244
DA:162,1801817
DA:163,10
DA:164,10
DA:166,1801807
DA:172,4
LF:80
LH:66
BRDA:34,0,0,200076
BRDA:42,1,0,24
BRDA:42,1,1,200092
BRDA:56,2,0,17
BRDA:56,2,1,200075
BRDA:58,3,0,1
BRDA:62,4,0,0
BRDA:62,5,0,16
BRDA:62,5,1,16
BRDA:66,6,0,1
BRDA:75,7,0,23
BRDA:75,7,1,200052
BRDA:77,8,0,1
BRDA:81,9,0,0
BRDA:81,10,0,22
BRDA:81,10,1,22
BRDA:85,11,0,0
BRDA:85,11,1,200052
BRDA:99,12,0,0
BRDA:99,12,1,200052
BRDA:101,13,0,0
BRDA:105,14,0,0
BRDA:105,15,0,0
BRDA:105,15,1,0
BRDA:126,16,0,15
BRDA:137,17,0,1
BRDA:139,18,0,1
BRDA:139,18,1,0
BRDA:151,19,0,200044
BRDA:162,20,0,10
BRDA:162,20,1,1801807
BRF:31
BRH:22
end_of_record
